<?xml version="1.0" encoding="UTF-8"?>
<!-- Generated by org.testng.reporters.JUnitReportReporter -->
<testsuite hostname="DESKTOP-LLLGMOJ" failures="0" tests="6" name="api.testcase.UserTestWithExcel" time="13.431" errors="0" timestamp="2024-02-11T08:31:00 IST" skipped="0">
  <testcase classname="api.testcase.UserTestWithExcel" name="testPostUser" time="1.547"/>
  <system-out/>
  <testcase classname="api.testcase.UserTestWithExcel" name="testPostUser" time="5.858"/>
  <system-out/>
  <testcase classname="api.testcase.UserTestWithExcel" name="testPostUser" time="1.496"/>
  <system-out/>
  <testcase classname="api.testcase.UserTestWithExcel" name="testDeleteUser" time="1.502"/>
  <system-out/>
  <testcase classname="api.testcase.UserTestWithExcel" name="testDeleteUser" time="1.473"/>
  <system-out/>
  <testcase classname="api.testcase.UserTestWithExcel" name="testDeleteUser" time="1.555"/>
  <system-out/>
</testsuite> <!-- api.testcase.UserTestWithExcel -->
