<?xml version="1.0" encoding="UTF-8"?>
<!-- Generated by org.testng.reporters.JUnitReportReporter -->
<testsuite hostname="DESKTOP-LLLGMOJ" failures="0" tests="1" name="jsonexamples.JsonObjectExample1" time="0.020" errors="0" timestamp="2023-11-08T21:53:49 IST" skipped="0">
  <testcase classname="jsonexamples.JsonObjectExample1" name="testCase1" time="0.020"/>
  <system-out/>
</testsuite> <!-- jsonexamples.JsonObjectExample1 -->
