<?xml version="1.0" encoding="UTF-8"?>
<!-- Generated by org.testng.reporters.JUnitReportReporter -->
<testsuite hostname="DESKTOP-LLLGMOJ" failures="0" tests="1" name="jsonexamples.Example1" time="0.022" errors="0" timestamp="2023-11-08T21:51:51 IST" skipped="0">
  <testcase classname="jsonexamples.Example1" name="createJsonObject" time="0.022"/>
  <system-out/>
</testsuite> <!-- jsonexamples.Example1 -->
