<?xml version="1.0" encoding="UTF-8"?>
<!-- Generated by org.testng.reporters.JUnitReportReporter -->
<testsuite hostname="DESKTOP-LLLGMOJ" failures="0" tests="1" name="jsonexamples.day2.Example2" time="0.051" errors="0" timestamp="2023-11-09T21:32:33 IST" skipped="0">
  <testcase classname="jsonexamples.day2.Example2" name="jsonFileDataReading" time="0.051"/>
  <system-out/>
</testsuite> <!-- jsonexamples.day2.Example2 -->
