<?xml version="1.0" encoding="UTF-8"?>
<!-- Generated by org.testng.reporters.JUnitReportReporter -->
<testsuite hostname="DESKTOP-LLLGMOJ" failures="0" tests="4" name="api.testcase.UserTests2" time="11.363" errors="0" timestamp="2023-11-11T20:50:56 IST" skipped="0">
  <testcase classname="api.testcase.UserTests2" name="testPostUser" time="4.714"/>
  <system-out/>
  <testcase classname="api.testcase.UserTests2" name="testGetUserByName" time="1.355"/>
  <system-out/>
  <testcase classname="api.testcase.UserTests2" name="testUpdateUserByName" time="3.972"/>
  <system-out/>
  <testcase classname="api.testcase.UserTests2" name="testDeleteUserByName" time="1.322"/>
  <system-out/>
</testsuite> <!-- api.testcase.UserTests2 -->
