<?xml version="1.0" encoding="UTF-8"?>
<!-- Generated by org.testng.reporters.JUnitReportReporter -->
<testsuite hostname="DESKTOP-LLLGMOJ" failures="0" tests="1" name="jsonexamples.JsonObjectExample2" time="0.021" errors="0" timestamp="2023-11-08T22:08:56 IST" skipped="0">
  <testcase classname="jsonexamples.JsonObjectExample2" name="testCase" time="0.021"/>
  <system-out/>
</testsuite> <!-- jsonexamples.JsonObjectExample2 -->
