<?xml version="1.0" encoding="UTF-8"?>
<!-- Generated by org.testng.reporters.JUnitReportReporter -->
<testsuite hostname="DESKTOP-LLLGMOJ" failures="0" tests="4" name="api.testcase.UserTests" time="13.835" errors="0" timestamp="2024-02-11T08:12:28 IST" skipped="0">
  <testcase classname="api.testcase.UserTests" name="testPostUser" time="7.615"/>
  <system-out/>
  <testcase classname="api.testcase.UserTests" name="testGetUser" time="1.668"/>
  <system-out/>
  <testcase classname="api.testcase.UserTests" name="testUpdateUser" time="3.039"/>
  <system-out/>
  <testcase classname="api.testcase.UserTests" name="testDeleteUser" time="1.513"/>
  <system-out/>
</testsuite> <!-- api.testcase.UserTests -->
