<?xml version="1.0" encoding="UTF-8"?>
<!-- Generated by org.testng.reporters.JUnitReportReporter -->
<testsuite hostname="DESKTOP-LLLGMOJ" failures="0" tests="1" name="jsonexamples.Example2" time="0.023" errors="0" timestamp="2023-11-09T19:41:17 IST" skipped="0">
  <testcase classname="jsonexamples.Example2" name="createJsonObject" time="0.023"/>
  <system-out/>
</testsuite> <!-- jsonexamples.Example2 -->
