<?xml version="1.0" encoding="UTF-8"?>
<!-- Generated by org.testng.reporters.JUnitReportReporter -->
<testsuite hostname="DESKTOP-LLLGMOJ" failures="0" tests="1" name="jsonexamples.JsonExample3" time="0.015" errors="0" timestamp="2023-11-08T19:29:46 IST" skipped="0">
  <testcase classname="jsonexamples.JsonExample3" name="testCase" time="0.015"/>
  <system-out/>
</testsuite> <!-- jsonexamples.JsonExample3 -->
