<?xml version="1.0" encoding="UTF-8"?>
<!-- Generated by org.testng.reporters.JUnitReportReporter -->
<testsuite skipped="0" hostname="DESKTOP-LLLGMOJ" name="api.testcase.UserTestWithExcel" tests="6" failures="0" timestamp="2023-11-11T19:00:59 IST" time="10.378" errors="0">
  <testcase name="testPostUser" time="1.334" classname="api.testcase.UserTestWithExcel"/>
  <system-out/>
  <testcase name="testPostUser" time="3.855" classname="api.testcase.UserTestWithExcel"/>
  <system-out/>
  <testcase name="testPostUser" time="1.298" classname="api.testcase.UserTestWithExcel"/>
  <system-out/>
  <testcase name="testDeleteUser" time="1.285" classname="api.testcase.UserTestWithExcel"/>
  <system-out/>
  <testcase name="testDeleteUser" time="1.321" classname="api.testcase.UserTestWithExcel"/>
  <system-out/>
  <testcase name="testDeleteUser" time="1.285" classname="api.testcase.UserTestWithExcel"/>
  <system-out/>
</testsuite> <!-- api.testcase.UserTestWithExcel -->
