<?xml version="1.0" encoding="UTF-8"?>
<!-- Generated by org.testng.reporters.JUnitReportReporter -->
<testsuite skipped="0" hostname="DESKTOP-LLLGMOJ" name="restassuredOps.Operations" tests="1" failures="0" timestamp="2023-11-10T21:13:37 IST" time="4.686" errors="0">
  <testcase name="testGetOps" time="4.686" classname="restassuredOps.Operations"/>
  <system-out/>
</testsuite> <!-- restassuredOps.Operations -->
