<?xml version="1.0" encoding="UTF-8"?>
<!-- Generated by org.testng.reporters.JUnitReportReporter -->
<testsuite skipped="0" hostname="DESKTOP-LLLGMOJ" name="jsonexamples.Example2" tests="1" failures="0" timestamp="2024-02-08T08:35:40 IST" time="0.029" errors="0">
  <testcase name="createJsonObject" time="0.029" classname="jsonexamples.Example2"/>
  <system-out/>
</testsuite> <!-- jsonexamples.Example2 -->
