<?xml version="1.0" encoding="UTF-8"?>
<!-- Generated by org.testng.reporters.JUnitReportReporter -->
<testsuite skipped="0" hostname="DESKTOP-LLLGMOJ" name="jsonexamples.ReadJsonFile" tests="1" failures="0" timestamp="2024-02-08T09:01:22 IST" time="0.028" errors="0">
  <testcase name="testCase" time="0.028" classname="jsonexamples.ReadJsonFile"/>
  <system-out/>
</testsuite> <!-- jsonexamples.ReadJsonFile -->
