<?xml version="1.0" encoding="UTF-8"?>
<!-- Generated by org.testng.reporters.JUnitReportReporter -->
<testsuite skipped="0" hostname="DESKTOP-LLLGMOJ" name="restassuredOps.Example1" tests="1" failures="0" timestamp="2023-11-10T21:34:37 IST" time="3.958" errors="0">
  <testcase name="deleteOps" time="3.958" classname="restassuredOps.Example1"/>
  <system-out/>
</testsuite> <!-- restassuredOps.Example1 -->
