<?xml version="1.0" encoding="UTF-8"?>
<!-- Generated by org.testng.reporters.JUnitReportReporter -->
<testsuite skipped="0" hostname="DESKTOP-LLLGMOJ" name="jsonexamples.Example1" tests="1" failures="0" timestamp="2024-02-08T08:30:47 IST" time="0.025" errors="0">
  <testcase name="createJsonObject" time="0.025" classname="jsonexamples.Example1"/>
  <system-out/>
</testsuite> <!-- jsonexamples.Example1 -->
