<?xml version="1.0" encoding="UTF-8"?>
<!-- Generated by org.testng.reporters.JUnitReportReporter -->
<testsuite skipped="0" hostname="DESKTOP-LLLGMOJ" name="api.testcase.UserTests" tests="4" failures="0" timestamp="2023-11-11T18:57:10 IST" time="10.531" errors="0">
  <testcase name="testPostUser" time="5.178" classname="api.testcase.UserTests"/>
  <system-out/>
  <testcase name="testGetUser" time="1.361" classname="api.testcase.UserTests"/>
  <system-out/>
  <testcase name="testUpdateUser" time="2.667" classname="api.testcase.UserTests"/>
  <system-out/>
  <testcase name="testDeleteUser" time="1.325" classname="api.testcase.UserTests"/>
  <system-out/>
</testsuite> <!-- api.testcase.UserTests -->
