<?xml version="1.0" encoding="UTF-8"?>
<!-- Generated by org.testng.reporters.JUnitReportReporter -->
<testsuite skipped="0" hostname="DESKTOP-LLLGMOJ" name="jsonexamples.JsonObjectExample2" tests="1" failures="0" timestamp="2024-02-08T08:49:35 IST" time="0.026" errors="0">
  <testcase name="testCase" time="0.026" classname="jsonexamples.JsonObjectExample2"/>
  <system-out/>
</testsuite> <!-- jsonexamples.JsonObjectExample2 -->
