<?xml version="1.0" encoding="UTF-8"?>
<!-- Generated by org.testng.reporters.JUnitReportReporter -->
<testsuite skipped="0" hostname="DESKTOP-LLLGMOJ" name="fakedatadreation.Example1" tests="1" failures="0" timestamp="2023-11-11T21:11:55 IST" time="0.605" errors="0">
  <testcase name="testCase1" time="0.605" classname="fakedatadreation.Example1"/>
  <system-out/>
</testsuite> <!-- fakedatadreation.Example1 -->
