<?xml version="1.0" encoding="UTF-8"?>
<!-- Generated by org.testng.reporters.JUnitReportReporter -->
<testsuite skipped="0" hostname="DESKTOP-LLLGMOJ" name="jsonexamples.JsonObjectExample1" tests="1" failures="0" timestamp="2024-02-08T09:04:15 IST" time="0.018" errors="0">
  <testcase name="testCase1" time="0.018" classname="jsonexamples.JsonObjectExample1"/>
  <system-out/>
</testsuite> <!-- jsonexamples.JsonObjectExample1 -->
