<?xml version="1.0" encoding="UTF-8"?>
<!-- Generated by org.testng.reporters.JUnitReportReporter -->
<testsuite skipped="0" hostname="DESKTOP-LLLGMOJ" name="jsonexamples.ReadJsonFile2" tests="1" failures="0" timestamp="2024-02-08T09:07:06 IST" time="0.029" errors="0">
  <testcase name="testCase1" time="0.029" classname="jsonexamples.ReadJsonFile2"/>
  <system-out/>
</testsuite> <!-- jsonexamples.ReadJsonFile2 -->
